<?xml version="1.0" encoding="UTF-8" ?>
<testsuite failures="0" time="0.565" errors="0" skipped="0" tests="8" name="TestSuite">
  <properties>
    <property name="java.runtime.name" value="Java(TM) SE Runtime Environment"/>
    <property name="sun.boot.library.path" value="/opt/sun-jdk-1.6.0.23/jre/lib/i386"/>
    <property name="java.vm.version" value="19.0-b09"/>
    <property name="java.vm.vendor" value="Sun Microsystems Inc."/>
    <property name="java.vendor.url" value="http://java.sun.com/"/>
    <property name="path.separator" value=":"/>
    <property name="java.vm.name" value="Java HotSpot(TM) Server VM"/>
    <property name="file.encoding.pkg" value="sun.io"/>
    <property name="user.country" value="PL"/>
    <property name="sun.java.launcher" value="SUN_STANDARD"/>
    <property name="sun.os.patch.level" value="unknown"/>
    <property name="java.vm.specification.name" value="Java Virtual Machine Specification"/>
    <property name="user.dir" value="/home/svaltid/projekt/promcio"/>
    <property name="java.runtime.version" value="1.6.0_23-b05"/>
    <property name="java.awt.graphicsenv" value="sun.awt.X11GraphicsEnvironment"/>
    <property name="basedir" value="/home/svaltid/projekt/promcio"/>
    <property name="java.endorsed.dirs" value="/opt/sun-jdk-1.6.0.23/jre/lib/endorsed"/>
    <property name="os.arch" value="i386"/>
    <property name="surefire.real.class.path" value="/tmp/surefirebooter1126325999833790109.jar"/>
    <property name="java.io.tmpdir" value="/tmp"/>
    <property name="line.separator" value="
"/>
    <property name="java.vm.specification.vendor" value="Sun Microsystems Inc."/>
    <property name="os.name" value="Linux"/>
    <property name="sun.jnu.encoding" value="UTF-8"/>
    <property name="java.library.path" value="/opt/sun-jdk-1.6.0.23/jre/lib/i386/server:/opt/sun-jdk-1.6.0.23/jre/lib/i386:/opt/sun-jdk-1.6.0.23/jre/../lib/i386:/usr/java/packages/lib/i386:/lib:/usr/lib"/>
    <property name="surefire.test.class.path" value="/home/svaltid/projekt/promcio/target/test-classes:/home/svaltid/projekt/promcio/target/classes:/home/svaltid/.m2/repository/javax/enterprise/cdi-api/1.0/cdi-api-1.0.jar:/home/svaltid/.m2/repository/org/jboss/interceptor/jboss-interceptor-api/1.1/jboss-interceptor-api-1.1.jar:/home/svaltid/.m2/repository/javax/annotation/jsr250-api/1.0/jsr250-api-1.0.jar:/home/svaltid/.m2/repository/javax/inject/javax.inject/1/javax.inject-1.jar:/home/svaltid/.m2/repository/org/jboss/ejb3/jboss-ejb3-api/3.1.0/jboss-ejb3-api-3.1.0.jar:/home/svaltid/.m2/repository/javax/validation/validation-api/1.0.0.GA/validation-api-1.0.0.GA.jar:/home/svaltid/.m2/repository/org/hibernate/hibernate-validator/4.0.0.GA/hibernate-validator-4.0.0.GA.jar:/home/svaltid/.m2/repository/org/slf4j/slf4j-api/1.5.9.RC1/slf4j-api-1.5.9.RC1.jar:/home/svaltid/.m2/repository/javax/xml/bind/jaxb-api/2.1/jaxb-api-2.1.jar:/home/svaltid/.m2/repository/javax/xml/stream/stax-api/1.0-2/stax-api-1.0-2.jar:/home/svaltid/.m2/repository/javax/activation/activation/1.1/activation-1.1.jar:/home/svaltid/.m2/repository/com/sun/xml/bind/jaxb-impl/2.1.3/jaxb-impl-2.1.3.jar:/home/svaltid/.m2/repository/javax/faces/jsf-api/2.0.0-RC/jsf-api-2.0.0-RC.jar:/home/svaltid/.m2/repository/javax/persistence/persistence-api/1.0/persistence-api-1.0.jar:/home/svaltid/.m2/repository/org/testng/testng/5.10/testng-5.10-jdk15.jar:/home/svaltid/.m2/repository/junit/junit/3.8.1/junit-3.8.1.jar:/home/svaltid/.m2/repository/org/glassfish/web/el-impl/2.1.2-b04/el-impl-2.1.2-b04.jar:"/>
    <property name="java.specification.name" value="Java Platform API Specification"/>
    <property name="java.class.version" value="50.0"/>
    <property name="sun.management.compiler" value="HotSpot Tiered Compilers"/>
    <property name="os.version" value="2.6.35-zen2"/>
    <property name="user.home" value="/home/svaltid"/>
    <property name="user.timezone" value="Europe/Warsaw"/>
    <property name="java.awt.printerjob" value="sun.print.PSPrinterJob"/>
    <property name="file.encoding" value="UTF-8"/>
    <property name="java.specification.version" value="1.6"/>
    <property name="user.name" value="svaltid"/>
    <property name="java.class.path" value="/home/svaltid/projekt/promcio/target/test-classes:/home/svaltid/projekt/promcio/target/classes:/home/svaltid/.m2/repository/javax/enterprise/cdi-api/1.0/cdi-api-1.0.jar:/home/svaltid/.m2/repository/org/jboss/interceptor/jboss-interceptor-api/1.1/jboss-interceptor-api-1.1.jar:/home/svaltid/.m2/repository/javax/annotation/jsr250-api/1.0/jsr250-api-1.0.jar:/home/svaltid/.m2/repository/javax/inject/javax.inject/1/javax.inject-1.jar:/home/svaltid/.m2/repository/org/jboss/ejb3/jboss-ejb3-api/3.1.0/jboss-ejb3-api-3.1.0.jar:/home/svaltid/.m2/repository/javax/validation/validation-api/1.0.0.GA/validation-api-1.0.0.GA.jar:/home/svaltid/.m2/repository/org/hibernate/hibernate-validator/4.0.0.GA/hibernate-validator-4.0.0.GA.jar:/home/svaltid/.m2/repository/org/slf4j/slf4j-api/1.5.9.RC1/slf4j-api-1.5.9.RC1.jar:/home/svaltid/.m2/repository/javax/xml/bind/jaxb-api/2.1/jaxb-api-2.1.jar:/home/svaltid/.m2/repository/javax/xml/stream/stax-api/1.0-2/stax-api-1.0-2.jar:/home/svaltid/.m2/repository/javax/activation/activation/1.1/activation-1.1.jar:/home/svaltid/.m2/repository/com/sun/xml/bind/jaxb-impl/2.1.3/jaxb-impl-2.1.3.jar:/home/svaltid/.m2/repository/javax/faces/jsf-api/2.0.0-RC/jsf-api-2.0.0-RC.jar:/home/svaltid/.m2/repository/javax/persistence/persistence-api/1.0/persistence-api-1.0.jar:/home/svaltid/.m2/repository/org/testng/testng/5.10/testng-5.10-jdk15.jar:/home/svaltid/.m2/repository/junit/junit/3.8.1/junit-3.8.1.jar:/home/svaltid/.m2/repository/org/glassfish/web/el-impl/2.1.2-b04/el-impl-2.1.2-b04.jar:"/>
    <property name="java.vm.specification.version" value="1.0"/>
    <property name="sun.arch.data.model" value="32"/>
    <property name="java.home" value="/opt/sun-jdk-1.6.0.23/jre"/>
    <property name="java.specification.vendor" value="Sun Microsystems Inc."/>
    <property name="user.language" value="pl"/>
    <property name="java.vm.info" value="mixed mode"/>
    <property name="java.version" value="1.6.0_23"/>
    <property name="java.ext.dirs" value="/opt/sun-jdk-1.6.0.23/jre/lib/ext:/usr/java/packages/lib/ext"/>
    <property name="sun.boot.class.path" value="/opt/sun-jdk-1.6.0.23/jre/lib/resources.jar:/opt/sun-jdk-1.6.0.23/jre/lib/rt.jar:/opt/sun-jdk-1.6.0.23/jre/lib/sunrsasign.jar:/opt/sun-jdk-1.6.0.23/jre/lib/jsse.jar:/opt/sun-jdk-1.6.0.23/jre/lib/jce.jar:/opt/sun-jdk-1.6.0.23/jre/lib/charsets.jar:/opt/sun-jdk-1.6.0.23/jre/lib/modules/jdk.boot.jar:/opt/sun-jdk-1.6.0.23/jre/classes"/>
    <property name="java.vendor" value="Sun Microsystems Inc."/>
    <property name="localRepository" value="/home/svaltid/.m2/repository"/>
    <property name="file.separator" value="/"/>
    <property name="java.vendor.url.bug" value="http://java.sun.com/cgi-bin/bugreport.cgi"/>
    <property name="sun.cpu.endian" value="little"/>
    <property name="sun.io.unicode.encoding" value="UnicodeLittle"/>
    <property name="sun.cpu.isalist" value=""/>
  </properties>
  <testcase time="0.018" classname="com.promcio.tests.EmployeeManagerTest" name="testAddEmployee"/>
  <testcase time="0" classname="com.promcio.tests.EmployeeManagerTest" name="testAddEmployeeDetails"/>
  <testcase time="0" classname="com.promcio.tests.EmployeeManagerTest" name="testAddEmployment"/>
  <testcase time="0" classname="com.promcio.tests.EmployeeManagerTest" name="testAddRank"/>
  <testcase time="0" classname="com.promcio.tests.EmployeeManagerTest" name="testRemoveEmployee"/>
  <testcase time="0" classname="com.promcio.tests.EmployeeManagerTest" name="testRemoveEmployeeDetails"/>
  <testcase time="0" classname="com.promcio.tests.EmployeeManagerTest" name="testRemoveEmployment"/>
  <testcase time="0" classname="com.promcio.tests.EmployeeManagerTest" name="testRemoveRank"/>
</testsuite>